<?xml version="1.0" encoding="UTF-8"?>
<!-- Generated by org.testng.reporters.JUnitReportReporter -->
<testsuite hostname="pc-edward" name="TankLearn2.Learn.ParameterizedTest1" tests="1" failures="0" timestamp="17 Jun 2015 01:32:01 GMT" time="0.002" errors="0">
  <testcase name="ParaTest" time="0.002" classname="TankLearn2.Learn.ParameterizedTest1"/>
</testsuite> <!-- TankLearn2.Learn.ParameterizedTest1 -->
