<?xml version="1.0" encoding="UTF-8"?>
<!-- Generated by org.testng.reporters.JUnitReportReporter -->
<testsuite hostname="pc-edward" name="TankLearn2.Learn.ExceptionTest" tests="1" failures="0" timestamp="17 Jun 2015 01:30:55 GMT" time="0.000" errors="0">
  <testcase name="testException" time="0.000" classname="TankLearn2.Learn.ExceptionTest"/>
</testsuite> <!-- TankLearn2.Learn.ExceptionTest -->
