<?xml version="1.0" encoding="UTF-8"?>
<!-- Generated by org.testng.reporters.JUnitReportReporter -->
<testsuite hostname="pc-edward" name="TankLearn2.Learn.TestNGLearn1" tests="1" failures="0" timestamp="17 Jun 2015 01:32:01 GMT" time="0.006" errors="0">
  <testcase name="TestNgLearn" time="0.006" classname="TankLearn2.Learn.TestNGLearn1"/>
</testsuite> <!-- TankLearn2.Learn.TestNGLearn1 -->
