<?xml version="1.0" encoding="UTF-8"?>
<!-- Generated by org.testng.reporters.JUnitReportReporter -->
<testsuite hostname="pc-edward" name="TankLearn2.Learn.GroupTest" tests="2" failures="0" timestamp="17 Jun 2015 01:30:54 GMT" time="0.007" errors="0">
  <testcase name="testLogin" time="0.005" classname="TankLearn2.Learn.GroupTest"/>
  <testcase name="testOpenPage" time="0.002" classname="TankLearn2.Learn.GroupTest"/>
</testsuite> <!-- TankLearn2.Learn.GroupTest -->
